2022-03-28 15:03:34,714 INFO m.j.c.s.a.Main [main] 3347434
2022-03-28 15:03:34,721 INFO m.j.c.s.a.Zebra [main] Zebra is from Africa.
2022-03-28 15:03:34,723 INFO m.j.c.s.a.Main [main] Numbers of aviaries: [3, 5, 6, 1, 2, 4]
2022-03-28 15:03:34,723 INFO m.j.c.s.a.Main [main] Numbers after sorting: [1, 2, 3, 4, 5, 6]
2022-03-28 15:03:34,724 INFO m.j.c.s.a.Main [main] true
2022-03-28 15:03:34,725 INFO m.j.c.s.a.Main [main] 3347434
2022-03-28 15:03:34,726 INFO m.j.c.s.a.Main [main] 3347434
2022-03-28 15:03:34,726 INFO m.j.c.s.a.Main [main] 1
2022-03-28 15:03:34,737 INFO m.j.c.s.a.Main [main] Kangaroos: Kangaroo David. Max age:  15. Max weight:  80
2022-03-28 15:03:34,739 INFO m.j.c.s.a.Main [main] Kangaroos: Kangoo. Max age:  5. Max weight:  40
2022-03-28 15:03:34,740 INFO m.j.c.s.a.Main [main] 3
2022-03-28 15:03:34,750 INFO m.j.c.s.a.Main [main] All zebras : [This animal is a Zebra Tom.
He is from Africa.
Maximum adult weight can be up to 300 kg., This animal is a Zebra Fred.
He is from Belarus.
Maximum adult weight can be up to 250 kg., This animal is a Zebra Alex.
He is from New Zeland.
Maximum adult weight can be up to 270 kg.]
2022-03-28 15:03:34,754 INFO m.j.c.s.a.Main [main] Sorted Person List by Age : [This animal is a Zebra Alex.
He is from New Zeland.
Maximum adult weight can be up to 270 kg., This animal is a Zebra Fred.
He is from Belarus.
Maximum adult weight can be up to 250 kg., This animal is a Zebra Tom.
He is from Africa.
Maximum adult weight can be up to 300 kg.]
2022-03-28 15:03:34,756 INFO m.j.c.s.a.Main [main] Sorted Person List by Name : [This animal is a Zebra Alex.
He is from New Zeland.
Maximum adult weight can be up to 270 kg., This animal is a Zebra Fred.
He is from Belarus.
Maximum adult weight can be up to 250 kg., This animal is a Zebra Tom.
He is from Africa.
Maximum adult weight can be up to 300 kg.]
