2022-03-28 15:02:58,820 INFO m.j.c.s.a.Main [main] 3347434
2022-03-28 15:02:58,825 INFO m.j.c.s.a.Zebra [main] Zebra is from Africa.
2022-03-28 15:02:58,825 INFO m.j.c.s.a.Main [main] Numbers of aviaries: [3, 5, 6, 1, 2, 4]
2022-03-28 15:02:58,826 INFO m.j.c.s.a.Main [main] Numbers after sorting: [1, 2, 3, 4, 5, 6]
2022-03-28 15:02:58,827 INFO m.j.c.s.a.Main [main] true
2022-03-28 15:02:58,827 INFO m.j.c.s.a.Main [main] 3347434
2022-03-28 15:02:58,828 INFO m.j.c.s.a.Main [main] 3347434
2022-03-28 15:02:58,829 INFO m.j.c.s.a.Main [main] 1
2022-03-28 15:02:58,835 INFO m.j.c.s.a.Main [main] Kangaroos: Kangaroo David. Max age:  15. Max weight:  80
2022-03-28 15:02:58,836 INFO m.j.c.s.a.Main [main] Kangaroos: Kangoo. Max age:  5. Max weight:  40
2022-03-28 15:02:58,837 INFO m.j.c.s.a.Main [main] 3
2022-03-28 15:02:58,843 INFO m.j.c.s.a.Main [main] All zebras : [This animal is a Zebra Tom.
He is from Africa.
Maximum adult weight can be up to 300 kg., This animal is a Zebra Fred.
He is from Belarus.
Maximum adult weight can be up to 250 kg., This animal is a Zebra Alex.
He is from New Zeland.
Maximum adult weight can be up to 270 kg.]
2022-03-28 15:02:58,848 INFO m.j.c.s.a.Main [main] Sorted Person List by Age : [This animal is a Zebra Alex.
He is from New Zeland.
Maximum adult weight can be up to 270 kg., This animal is a Zebra Fred.
He is from Belarus.
Maximum adult weight can be up to 250 kg., This animal is a Zebra Tom.
He is from Africa.
Maximum adult weight can be up to 300 kg.]
2022-03-28 15:02:58,850 INFO m.j.c.s.a.Main [main] Sorted Person List by Name : [This animal is a Zebra Alex.
He is from New Zeland.
Maximum adult weight can be up to 270 kg., This animal is a Zebra Fred.
He is from Belarus.
Maximum adult weight can be up to 250 kg., This animal is a Zebra Tom.
He is from Africa.
Maximum adult weight can be up to 300 kg.]
