2022-03-31 13:48:45,072 INFO m.j.c.s.a.Main [main] 3347434
2022-03-31 13:48:45,076 INFO m.j.c.s.a.Zebra [main] Zebra is from Africa.
2022-03-31 13:48:45,077 INFO m.j.c.s.a.Main [main] Numbers of aviaries: [main.java.com.solvd.animal.Aviary@212b5695, main.java.com.solvd.animal.Aviary@212b5695, main.java.com.solvd.animal.Aviary@212b5695]
2022-03-31 13:48:45,077 INFO m.j.c.s.a.Main [main] Numbers after sorting: [main.java.com.solvd.animal.Aviary@212b5695, main.java.com.solvd.animal.Aviary@212b5695, main.java.com.solvd.animal.Aviary@212b5695]
2022-03-31 13:48:45,078 INFO m.j.c.s.a.Main [main] true
2022-03-31 13:48:45,078 INFO m.j.c.s.a.Main [main] 3347434
2022-03-31 13:48:45,079 INFO m.j.c.s.a.Main [main] 3347434
2022-03-31 13:48:45,081 INFO m.j.c.s.a.Main [main] 1
2022-03-31 13:48:45,091 INFO m.j.c.s.a.Main [main] Kangaroos: Kangaroo David. Max age:  15. Max weight:  80
2022-03-31 13:48:45,092 INFO m.j.c.s.a.Main [main] Kangaroos: Kangoo. Max age:  5. Max weight:  40
2022-03-31 13:48:45,099 INFO m.j.c.s.a.Main [main] All zebras : [This animal is a Zebra Tom.
He is from Africa.
Maximum adult weight can be up to 300 kg., This animal is a Zebra Fred.
He is from Belarus.
Maximum adult weight can be up to 250 kg., This animal is a Zebra Alex.
He is from New Zealand.
Maximum adult weight can be up to 270 kg.]
2022-03-31 13:48:45,103 INFO m.j.c.s.a.Main [main] Sorted Zebras List by Age : [This animal is a Zebra Alex.
He is from New Zealand.
Maximum adult weight can be up to 270 kg., This animal is a Zebra Fred.
He is from Belarus.
Maximum adult weight can be up to 250 kg., This animal is a Zebra Tom.
He is from Africa.
Maximum adult weight can be up to 300 kg.]
2022-03-31 13:48:45,106 INFO m.j.c.s.a.Main [main] Sorted Zebras List by Name : [This animal is a Zebra Alex.
He is from New Zealand.
Maximum adult weight can be up to 270 kg., This animal is a Zebra Fred.
He is from Belarus.
Maximum adult weight can be up to 250 kg., This animal is a Zebra Tom.
He is from Africa.
Maximum adult weight can be up to 300 kg.]
