2022-03-24 13:12:48,184 INFO m.j.c.l.a.Zoo [main] Max counter animals 10
2022-03-24 13:12:48,228 INFO m.j.c.l.a.Zoo [main] Name of Zoo: Zoo.
Maximum number of animals in the zoo: 11
2022-03-24 13:13:19,180 INFO m.j.c.l.a.Zoo [main] Max counter animals 10
2022-03-24 13:13:19,198 INFO m.j.c.l.a.Zoo [main] Name of Zoo: Zoo.
Maximum number of animals in the zoo: 11
2022-03-24 13:17:57,732 INFO m.j.c.l.a.Zoo [main] Max counter animals 10
2022-03-24 13:17:57,747 INFO m.j.c.l.a.Zoo [main] Name of Zoo: Zoo.
Maximum number of animals in the zoo: 11
2022-03-24 13:19:03,944 INFO m.j.c.l.a.Zoo [main] Max counter animals 10
2022-03-24 13:19:03,964 INFO m.j.c.l.a.Zoo [main] Name of Zoo: Zoo.
Maximum number of animals in the zoo: 11
2022-03-24 13:19:24,735 INFO m.j.c.l.a.Zoo [main] Max counter animals 10
2022-03-24 13:19:24,753 INFO m.j.c.l.a.Zoo [main] Name of Zoo: Zoo.
Maximum number of animals in the zoo: 11
2022-03-24 13:32:39,654 INFO m.j.c.l.a.AviaryOne [main] Something went wrong
2022-03-24 13:32:39,658 INFO m.j.c.l.a.Zoo [main] Max counter animals 10
2022-03-24 13:32:39,671 INFO m.j.c.l.a.Zoo [main] Name of Zoo: Zoo.
Maximum number of animals in the zoo: 11
2022-03-24 13:32:52,669 INFO m.j.c.l.a.AviaryOne [main] Something went wrong
2022-03-24 13:32:52,674 INFO m.j.c.l.a.Zoo [main] Max counter animals 10
2022-03-24 13:32:52,688 INFO m.j.c.l.a.Zoo [main] Name of Zoo: Zoo.
Maximum number of animals in the zoo: 11
2022-03-24 13:33:03,723 INFO m.j.c.l.a.AviaryOne [main] Something went wrong
2022-03-24 13:33:03,727 INFO m.j.c.l.a.Zoo [main] Max counter animals 10
2022-03-24 13:33:03,741 INFO m.j.c.l.a.Zoo [main] Name of Zoo: Zoo.
Maximum number of animals in the zoo: 11
2022-03-24 13:33:29,684 INFO m.j.c.l.a.Zoo [main] Max counter animals 10
2022-03-24 13:33:29,701 INFO m.j.c.l.a.Zoo [main] Name of Zoo: Zoo.
Maximum number of animals in the zoo: 11
2022-03-24 13:35:04,374 INFO m.j.c.l.a.AviaryOne [main] You entered the correct number0
2022-03-24 13:35:04,380 INFO m.j.c.l.a.Zoo [main] Max counter animals 10
2022-03-24 13:35:04,395 INFO m.j.c.l.a.Zoo [main] Name of Zoo: Zoo.
Maximum number of animals in the zoo: 11
2022-03-24 13:35:44,292 INFO m.j.c.l.a.AviaryOne [main] You entered the correct number49
2022-03-24 13:35:44,296 INFO m.j.c.l.a.Zoo [main] Max counter animals 10
2022-03-24 13:35:44,310 INFO m.j.c.l.a.Zoo [main] Name of Zoo: Zoo.
Maximum number of animals in the zoo: 11
2022-03-24 13:55:55,701 INFO m.j.c.l.a.Lion [main] Animal was found
2022-03-24 13:55:55,706 INFO m.j.c.l.a.AviaryOne [main] You entered the correct number: 49
2022-03-24 13:55:55,708 INFO m.j.c.l.a.Zoo [main] Max counter animals 10
2022-03-24 13:55:55,709 INFO m.j.c.l.a.Zebra [main] Zebra is from Africa.
2022-03-24 13:55:55,711 INFO m.j.c.l.a.ZooKeeper [main] Zookeeper's work experience: 20
2022-03-24 13:55:55,716 INFO m.j.c.l.a.ZooKeeper [main] Zookeeper Alex moves animals from first aviary to second aviary
2022-03-24 13:55:55,717 INFO m.j.c.l.a.ZooKeeper [main] Alex feeds all animals twice a day with grass and meat
2022-03-24 13:55:55,720 INFO m.j.c.l.a.Zoo [main] Name of Zoo: Zoo.
Maximum number of animals in the zoo: 11
2022-03-24 14:02:37,717 INFO m.j.c.l.a.Lion [main] Animal was found
2022-03-24 14:02:37,721 INFO m.j.c.l.a.AviaryOne [main] You entered the correct number: 49
2022-03-24 14:02:37,723 INFO m.j.c.l.a.Zoo [main] Max counter animals 10
2022-03-24 14:02:37,725 INFO m.j.c.l.a.Zebra [main] Zebra is from Africa.
2022-03-24 14:02:37,732 INFO m.j.c.l.a.ZooKeeper [main] Zookeeper's work experience: 20
2022-03-24 14:02:37,738 INFO m.j.c.l.a.ZooKeeper [main] Zookeeper Alex moves animals from first aviary to second aviary
2022-03-24 14:02:37,740 INFO m.j.c.l.a.ZooKeeper [main] Alex feeds all animals twice a day with grass and meat
2022-03-24 14:02:37,745 INFO m.j.c.l.a.Zoo [main] Name of Zoo: Zoo.
Maximum number of animals in the zoo: 11
