2022-03-31 13:50:15,917 INFO m.j.c.s.a.Main [main] 3347434
2022-03-31 13:50:15,925 INFO m.j.c.s.a.Zebra [main] Zebra is from Africa.
2022-03-31 13:50:15,926 INFO m.j.c.s.a.Main [main] Numbers of aviaries: [main.java.com.solvd.animal.Aviary@212b5695, main.java.com.solvd.animal.Aviary@212b5695, main.java.com.solvd.animal.Aviary@212b5695]
2022-03-31 13:50:15,926 INFO m.j.c.s.a.Main [main] Numbers after sorting: [main.java.com.solvd.animal.Aviary@212b5695, main.java.com.solvd.animal.Aviary@212b5695, main.java.com.solvd.animal.Aviary@212b5695]
2022-03-31 13:50:15,927 INFO m.j.c.s.a.Main [main] true
2022-03-31 13:50:15,927 INFO m.j.c.s.a.Main [main] 3347434
2022-03-31 13:50:15,928 INFO m.j.c.s.a.Main [main] 3347434
2022-03-31 13:50:15,930 INFO m.j.c.s.a.Main [main] 1
2022-03-31 13:50:15,938 INFO m.j.c.s.a.Main [main] Kangaroos: Kangaroo David. Max age:  15. Max weight:  80
2022-03-31 13:50:15,939 INFO m.j.c.s.a.Main [main] Kangaroos: Kangoo. Max age:  5. Max weight:  40
2022-03-31 13:50:15,940 INFO m.j.c.s.a.Main [main] 250
2022-03-31 13:50:15,941 INFO m.j.c.s.a.Main [main] 300
2022-03-31 13:50:15,949 INFO m.j.c.s.a.Main [main] All zebras : [This animal is a Zebra Tom.
He is from Africa.
Maximum adult weight can be up to 300 kg., This animal is a Zebra Fred.
He is from Belarus.
Maximum adult weight can be up to 250 kg., This animal is a Zebra Alex.
He is from New Zealand.
Maximum adult weight can be up to 270 kg.]
2022-03-31 13:50:15,954 INFO m.j.c.s.a.Main [main] Sorted Zebras List by Age : [This animal is a Zebra Alex.
He is from New Zealand.
Maximum adult weight can be up to 270 kg., This animal is a Zebra Fred.
He is from Belarus.
Maximum adult weight can be up to 250 kg., This animal is a Zebra Tom.
He is from Africa.
Maximum adult weight can be up to 300 kg.]
2022-03-31 13:50:15,956 INFO m.j.c.s.a.Main [main] Sorted Zebras List by Name : [This animal is a Zebra Alex.
He is from New Zealand.
Maximum adult weight can be up to 270 kg., This animal is a Zebra Fred.
He is from Belarus.
Maximum adult weight can be up to 250 kg., This animal is a Zebra Tom.
He is from Africa.
Maximum adult weight can be up to 300 kg.]
